libnetcipher/build/outputs/logs/manifest-merger-debug-report.txt
-- Merging decision tree log ---
manifest
ADDED from smartboard/libnetcipher/AndroidManifest.xml:1:1-8:12
INJECTED from smartboard/libnetcipher/AndroidManifest.xml:1:1-8:12
INJECTED from smartboard/libnetcipher/AndroidManifest.xml:1:1-8:12
	package
		ADDED from smartboard/libnetcipher/AndroidManifest.xml:2:5-45
		INJECTED from smartboard/libnetcipher/AndroidManifest.xml
		INJECTED from smartboard/libnetcipher/AndroidManifest.xml
	xmlns:android
		ADDED from smartboard/libnetcipher/AndroidManifest.xml:1:11-69
uses-sdk
ADDED from smartboard/libnetcipher/AndroidManifest.xml:4:5-6:41
	android:targetSdkVersion
		ADDED from smartboard/libnetcipher/AndroidManifest.xml:6:9-38
	android:minSdkVersion
		ADDED from smartboard/libnetcipher/AndroidManifest.xml:5:9-34